<?xml version="1.0" encoding="UTF-8"?>
<!-- Generated by org.testng.reporters.JUnitXMLReporter -->
<testsuite hostname="DESKTOP-3QLAERD" ignored="0" name="Test1" tests="3" failures="0" timestamp="2021-01-13T21:39:23 IST" time="34.641" errors="0">
  <testcase name="ValidateTitle" time="4.019" classname="com.TestLayer.HomePageTest"/>
  <testcase name="LogoCheck" time="1.509" classname="com.TestLayer.HomePageTest"/>
  <testcase name="DealsStatusCheck" time="1.968" classname="com.TestLayer.HomePageTest"/>
</testsuite> <!-- Test1 -->
