<?xml version="1.0" encoding="UTF-8"?>
<testng-results skipped="0" failed="0" ignored="0" total="1" passed="1">
  <reporter-output>
  </reporter-output>
  <suite name="Default suite" duration-ms="8859" started-at="2021-01-23T09:29:15 IST" finished-at="2021-01-23T09:29:24 IST">
    <groups>
    </groups>
    <test name="Default test" duration-ms="8859" started-at="2021-01-23T09:29:15 IST" finished-at="2021-01-23T09:29:24 IST">
      <class name="com.TestLayer.LoginPageTest">
        <test-method status="PASS" signature="setLog4j()[pri:0, instance:com.TestLayer.LoginPageTest@7a30d1e6]" name="setLog4j" is-config="true" duration-ms="10" started-at="2021-01-23T09:29:15 IST" finished-at="2021-01-23T09:29:15 IST">
          <reporter-output>
          </reporter-output>
        </test-method> <!-- setLog4j -->
        <test-method status="PASS" signature="SetUp()[pri:0, instance:com.TestLayer.LoginPageTest@7a30d1e6]" name="SetUp" is-config="true" duration-ms="8286" started-at="2021-01-23T09:29:15 IST" finished-at="2021-01-23T09:29:23 IST">
          <reporter-output>
          </reporter-output>
        </test-method> <!-- SetUp -->
        <test-method status="PASS" signature="ValidateLogin()[pri:0, instance:com.TestLayer.LoginPageTest@7a30d1e6]" name="ValidateLogin" duration-ms="417" started-at="2021-01-23T09:29:23 IST" finished-at="2021-01-23T09:29:23 IST">
          <reporter-output>
          </reporter-output>
        </test-method> <!-- ValidateLogin -->
        <test-method status="PASS" signature="tearDown()[pri:0, instance:com.TestLayer.LoginPageTest@7a30d1e6]" name="tearDown" is-config="true" duration-ms="110" started-at="2021-01-23T09:29:23 IST" finished-at="2021-01-23T09:29:24 IST">
          <reporter-output>
          </reporter-output>
        </test-method> <!-- tearDown -->
        <test-method status="PASS" signature="endReport()[pri:0, instance:com.TestLayer.LoginPageTest@7a30d1e6]" name="endReport" is-config="true" duration-ms="0" started-at="2021-01-23T09:29:24 IST" finished-at="2021-01-23T09:29:24 IST">
          <reporter-output>
          </reporter-output>
        </test-method> <!-- endReport -->
      </class> <!-- com.TestLayer.LoginPageTest -->
    </test> <!-- Default test -->
  </suite> <!-- Default suite -->
</testng-results>
